Release 12.2 Map M.63c (lin)
Xilinx Mapping Report File for Design 'mips_top'

Design Information
------------------
Command Line   : map -intstyle ise -p xc5vlx110t-ff1136-1 -w -logic_opt off -ol
high -t 1 -register_duplication off -global_opt off -mt off -cm area -ir off -pr
off -lc off -power off -o mips_top_map.ncd mips_top.ngd mips_top.pcf 
Target Device  : xc5vlx110t
Target Package : ff1136
Target Speed   : -1
Mapper Version : virtex5 -- $Revision: 1.52 $
Mapped Date    : Wed Feb 27 09:32:41 2013

Design Summary
--------------
Number of errors:      0
Number of warnings:    0
Slice Logic Utilization:
  Number of Slice Registers:                   601 out of  69,120    1%
    Number used as Flip Flops:                 601
  Number of Slice LUTs:                      1,618 out of  69,120    2%
    Number used as logic:                    1,470 out of  69,120    2%
      Number using O6 output only:           1,215
      Number using O5 output only:             210
      Number using O5 and O6:                   45
    Number used as Memory:                     135 out of  17,920    1%
      Number used as Dual Port RAM:            132
        Number using O6 output only:            88
        Number using O5 and O6:                 44
      Number used as Shift Register:             3
        Number using O6 output only:             3
    Number used as exclusive route-thru:        13
  Number of route-thrus:                       223
    Number using O6 output only:               221
    Number using O5 output only:                 1
    Number using O5 and O6:                      1

Slice Logic Distribution:
  Number of occupied Slices:                   501 out of  17,280    2%
  Number of LUT Flip Flop pairs used:        1,693
    Number with an unused Flip Flop:         1,092 out of   1,693   64%
    Number with an unused LUT:                  75 out of   1,693    4%
    Number of fully used LUT-FF pairs:         526 out of   1,693   31%
    Number of unique control sets:              49
    Number of slice register sites lost
      to control set restrictions:              28 out of  69,120    1%

  A LUT Flip Flop pair for this architecture represents one LUT paired with
  one Flip Flop within a slice.  A control set is a unique combination of
  clock, reset, set, and enable signals for a registered element.
  The Slice Logic Distribution report is not meaningful if the design is
  over-mapped for a non-slice resource or if Placement fails.
  OVERMAPPING of BRAM resources should be ignored if the design is
  over-mapped for a non-BRAM resource or if placement fails.

IO Utilization:
  Number of bonded IOBs:                        38 out of     640    5%
    Number of LOCed IOBs:                       38 out of      38  100%

Specific Feature Utilization:
  Number of BlockRAM/FIFO:                      17 out of     148   11%
    Number using BlockRAM only:                 17
    Total primitives used:
      Number of 36k BlockRAM used:              17
    Total Memory used (KB):                    612 out of   5,328   11%
  Number of BUFG/BUFGCTRLs:                      2 out of      32    6%
    Number used as BUFGs:                        2

Average Fanout of Non-Clock Nets:                5.11

Peak Memory Usage:  401 MB
Total REAL time to MAP completion:  37 secs 
Total CPU time to MAP completion:   37 secs 

Table of Contents
-----------------
Section 1 - Errors
Section 2 - Warnings
Section 3 - Informational
Section 4 - Removed Logic Summary
Section 5 - Removed Logic
Section 6 - IOB Properties
Section 7 - RPMs
Section 8 - Guide Report
Section 9 - Area Group and Partition Summary
Section 10 - Timing Report
Section 11 - Configuration String Information
Section 12 - Control Set Information
Section 13 - Utilization by Hierarchy

Section 1 - Errors
------------------

Section 2 - Warnings
--------------------
WARNING:Security:43 - No license file was found in the standard Xilinx license
directory.
WARNING:Security:44 - No license file was found.
WARNING:Security:42 - Your software subscription period has lapsed. Your current
version of Xilinx tools will continue to function, but you no longer qualify for
Xilinx software updates or new releases.

Section 3 - Informational
-------------------------
INFO:Security:51 - The XILINXD_LICENSE_FILE environment variable is not set.
INFO:Security:52 - The LM_LICENSE_FILE environment variable is set to
'2100@ee-matlab.stanford.edu:1717@cadlic0.stanford.edu:5280@omnipotent:5280@shim
bala:5280@vlsi:27000@cadlic0:2100@ee-matlab.stanford.edu:1717@cadlic0.stanford.e
du:5280@omnipotent:5280@shimbala:5280@vlsi:27000@cadlic0:'.
INFO:Security:56 - Part 'xc5vlx110t' is not a WebPack part.
INFO:LIT:243 - Logical network cpu/w_stage/Mram_regs61/SPO has no load.
INFO:LIT:395 - The above info message is repeated 3 more times for the following
   (max. 5 shown):
   cpu/w_stage/Mram_regs_ren62/SPO,
   cpu/w_stage/Mram_regs62/SPO,
   cpu/w_stage/Mram_regs_ren61/SPO
   To see the details of these info messages, please use the -detail switch.
INFO:MapLib:562 - No environment variables are currently set.
INFO:LIT:244 - All of the single ended outputs in this design are using slew
   rate limited output drivers. The delay on speed critical single ended outputs
   can be dramatically reduced by designating them as fast outputs.
INFO:Pack:1716 - Initializing temperature to 85.000 Celsius. (default - Range:
   0.000 to 85.000 Celsius)
INFO:Pack:1720 - Initializing voltage to 0.950 Volts. (default - Range: 0.950 to
   1.050 Volts)
INFO:Map:215 - The Interim Design Summary has been generated in the MAP Report
   (.mrp).
INFO:Pack:1650 - Map created a placed design.

Section 4 - Removed Logic Summary
---------------------------------
   2 block(s) optimized away

Section 5 - Removed Logic
-------------------------

Optimized Block(s):
TYPE 		BLOCK
GND 		XST_GND
VCC 		XST_VCC

To enable printing of redundant blocks removed and signals merged, set the
detailed map report option and rerun map.

Section 6 - IOB Properties
--------------------------

+---------------------------------------------------------------------------------------------------------------------------------------------------------+
| IOB Name                           | Type             | Direction | IO Standard          | Diff  | Drive    | Slew | Reg (s)      | Resistor | IOB      |
|                                    |                  |           |                      | Term  | Strength | Rate |              |          | Delay    |
+---------------------------------------------------------------------------------------------------------------------------------------------------------+
| bottom_btn                         | IOB              | INPUT     | LVCMOS25             |       |          |      |              |          |          |
| center_btn                         | IOB              | INPUT     | LVCMOS25             |       |          |      |              |          |          |
| chip_data<0>                       | IOB              | OUTPUT    | LVCMOS25             |       | 12       | SLOW |              |          |          |
| chip_data<1>                       | IOB              | OUTPUT    | LVCMOS25             |       | 12       | SLOW |              |          |          |
| chip_data<2>                       | IOB              | OUTPUT    | LVCMOS25             |       | 12       | SLOW |              |          |          |
| chip_data<3>                       | IOB              | OUTPUT    | LVCMOS25             |       | 12       | SLOW |              |          |          |
| chip_data<4>                       | IOB              | OUTPUT    | LVCMOS25             |       | 12       | SLOW |              |          |          |
| chip_data<5>                       | IOB              | OUTPUT    | LVCMOS25             |       | 12       | SLOW |              |          |          |
| chip_data<6>                       | IOB              | OUTPUT    | LVCMOS25             |       | 12       | SLOW |              |          |          |
| chip_data<7>                       | IOB              | OUTPUT    | LVCMOS25             |       | 12       | SLOW |              |          |          |
| chip_data<8>                       | IOB              | OUTPUT    | LVCMOS25             |       | 12       | SLOW |              |          |          |
| chip_data<9>                       | IOB              | OUTPUT    | LVCMOS25             |       | 12       | SLOW |              |          |          |
| chip_data<10>                      | IOB              | OUTPUT    | LVCMOS25             |       | 12       | SLOW |              |          |          |
| chip_data<11>                      | IOB              | OUTPUT    | LVCMOS25             |       | 12       | SLOW |              |          |          |
| chip_data_enable                   | IOB              | OUTPUT    | LVCMOS25             |       | 12       | SLOW |              |          |          |
| chip_hsync                         | IOB              | OUTPUT    | LVCMOS25             |       | 12       | SLOW |              |          |          |
| chip_reset                         | IOB              | OUTPUT    | LVCMOS25             |       | 12       | SLOW |              |          |          |
| chip_vsync                         | IOB              | OUTPUT    | LVCMOS25             |       | 12       | SLOW |              |          |          |
| clk                                | IOB              | INPUT     | LVCMOS25             |       |          |      |              |          |          |
| leds<0>                            | IOB              | OUTPUT    | LVCMOS25             |       | 12       | SLOW |              |          |          |
| leds<1>                            | IOB              | OUTPUT    | LVCMOS25             |       | 12       | SLOW |              |          |          |
| leds<2>                            | IOB              | OUTPUT    | LVCMOS25             |       | 12       | SLOW |              |          |          |
| leds<3>                            | IOB              | OUTPUT    | LVCMOS25             |       | 12       | SLOW |              |          |          |
| left_btn                           | IOB              | INPUT     | LVCMOS25             |       |          |      |              |          |          |
| right_btn                          | IOB              | INPUT     | LVCMOS25             |       |          |      |              |          |          |
| scl                                | IOB              | OUTPUT    | LVCMOS25             |       | 12       | SLOW |              |          |          |
| sda                                | IOB              | OUTPUT    | LVCMOS25             |       | 12       | SLOW |              |          |          |
| sw<0>                              | IOB              | INPUT     | LVCMOS25             |       |          |      |              |          |          |
| sw<1>                              | IOB              | INPUT     | LVCMOS25             |       |          |      |              |          |          |
| sw<2>                              | IOB              | INPUT     | LVCMOS25             |       |          |      |              |          |          |
| sw<3>                              | IOB              | INPUT     | LVCMOS25             |       |          |      |              |          |          |
| sw<4>                              | IOB              | INPUT     | LVCMOS25             |       |          |      |              |          |          |
| sw<5>                              | IOB              | INPUT     | LVCMOS25             |       |          |      |              |          |          |
| sw<6>                              | IOB              | INPUT     | LVCMOS25             |       |          |      |              |          |          |
| sw<7>                              | IOB              | INPUT     | LVCMOS25             |       |          |      |              |          |          |
| top_btn                            | IOB              | INPUT     | LVCMOS25             |       |          |      |              |          |          |
| xclk                               | IOB              | OUTPUT    | LVCMOS25             |       | 12       | SLOW |              |          |          |
| xclk_n                             | IOB              | OUTPUT    | LVCMOS25             |       | 12       | SLOW |              |          |          |
+---------------------------------------------------------------------------------------------------------------------------------------------------------+

Section 7 - RPMs
----------------

Section 8 - Guide Report
------------------------
Guide not run on this design.

Section 9 - Area Group and Partition Summary
--------------------------------------------

Partition Implementation Status
-------------------------------

  No Partitions were found in this design.

-------------------------------

Area Group Information
----------------------

  No area groups were found in this design.

----------------------

Section 10 - Timing Report
--------------------------
A logic-level (pre-route) timing report can be generated by using Xilinx static
timing analysis tools, Timing Analyzer (GUI) or TRCE (command line), with the
mapped NCD and PCF files. Please note that this timing report will be generated
using estimated delay information. For accurate numbers, please generate a
timing report with the post Place and Route NCD file.

For more information about the Timing Analyzer, consult the Xilinx Timing
Analyzer Reference Manual; for more information about TRCE, consult the Xilinx
Command Line Tools User Guide "TRACE" chapter.

Section 11 - Configuration String Details
-----------------------------------------
Use the "-detail" map option to print out Configuration Strings

Section 12 - Control Set Information
------------------------------------
Use the "-detail" map option to print out Control Set Information.

Section 13 - Utilization by Hierarchy
-------------------------------------
Use the "-detail" map option to print out the Utilization by Hierarchy section.
